c:\users\kellem porteous\documents\visual studio 2015\projects\serialisation\serialisation\debug\serialisation.pch
c:\users\kellem porteous\documents\visual studio 2015\projects\serialisation\serialisation\debug\vc140.pdb
c:\users\kellem porteous\documents\visual studio 2015\projects\serialisation\serialisation\debug\vc140.idb
c:\users\kellem porteous\documents\visual studio 2015\projects\serialisation\serialisation\debug\stdafx.obj
c:\users\kellem porteous\documents\visual studio 2015\projects\serialisation\serialisation\debug\charactertype.obj
c:\users\kellem porteous\documents\visual studio 2015\projects\serialisation\serialisation\debug\gamemanager.obj
c:\users\kellem porteous\documents\visual studio 2015\projects\serialisation\serialisation\debug\ranger.obj
c:\users\kellem porteous\documents\visual studio 2015\projects\serialisation\serialisation\debug\warrior.obj
c:\users\kellem porteous\documents\visual studio 2015\projects\serialisation\serialisation\debug\wizard.obj
c:\users\kellem porteous\documents\visual studio 2015\projects\serialisation\debug\serialisation.pdb
c:\users\kellem porteous\documents\visual studio 2015\projects\serialisation\serialisation\debug\serialisation.tlog\cl.command.1.tlog
c:\users\kellem porteous\documents\visual studio 2015\projects\serialisation\serialisation\debug\serialisation.tlog\cl.read.1.tlog
c:\users\kellem porteous\documents\visual studio 2015\projects\serialisation\serialisation\debug\serialisation.tlog\cl.write.1.tlog
c:\users\kellem porteous\documents\visual studio 2015\projects\serialisation\serialisation\debug\serialisation.tlog\link-cvtres.read.1.tlog
c:\users\kellem porteous\documents\visual studio 2015\projects\serialisation\serialisation\debug\serialisation.tlog\link-cvtres.write.1.tlog
c:\users\kellem porteous\documents\visual studio 2015\projects\serialisation\serialisation\debug\serialisation.tlog\link-rc.read.1.tlog
c:\users\kellem porteous\documents\visual studio 2015\projects\serialisation\serialisation\debug\serialisation.tlog\link-rc.write.1.tlog
c:\users\kellem porteous\documents\visual studio 2015\projects\serialisation\serialisation\debug\serialisation.tlog\link.command.1.tlog
c:\users\kellem porteous\documents\visual studio 2015\projects\serialisation\serialisation\debug\serialisation.tlog\link.read.1.tlog
c:\users\kellem porteous\documents\visual studio 2015\projects\serialisation\serialisation\debug\serialisation.tlog\link.write.1.tlog
